{"C:\\Users\\erich\\Desktop\\School\\CSDS393\\Job-App\\lib\\components\\HeaderBar\\Headerbar.js": {"path":"C:\\Users\\erich\\Desktop\\School\\CSDS393\\Job-App\\lib\\components\\HeaderBar\\Headerbar.js","statementMap":{"0":{"start":{"line":1,"column":0},"end":{"line":1,"column":62}},"1":{"start":{"line":1,"column":62},"end":{"line":1,"column":90}},"2":{"start":{"line":1,"column":103},"end":{"line":1,"column":176}},"3":{"start":{"line":1,"column":189},"end":{"line":1,"column":193}},"4":{"start":{"line":1,"column":209},"end":{"line":1,"column":294}},"5":{"start":{"line":1,"column":317},"end":{"line":1,"column":365}},"6":{"start":{"line":1,"column":374},"end":{"line":1,"column":395}},"7":{"start":{"line":1,"column":405},"end":{"line":1,"column":427}},"8":{"start":{"line":1,"column":444},"end":{"line":1,"column":1860}},"9":{"start":{"line":1,"column":466},"end":{"line":1,"column":1859}},"10":{"start":{"line":1,"column":1874},"end":{"line":1,"column":2322}},"11":{"start":{"line":1,"column":2338},"end":{"line":1,"column":2347}},"12":{"start":{"line":1,"column":2348},"end":{"line":1,"column":2378}}},"fnMap":{"0":{"name":"HeaderBar","decl":{"start":{"line":1,"column":453},"end":{"line":1,"column":462}},"loc":{"start":{"line":1,"column":465},"end":{"line":1,"column":1860}},"line":1}},"branchMap":{},"s":{"0":1,"1":1,"2":1,"3":1,"4":1,"5":1,"6":1,"7":1,"8":1,"9":1,"10":1,"11":1,"12":1},"f":{"0":1},"b":{},"inputSourceMap":null,"_coverageSchema":"1a1c01bbd47fc00a2c39e90264f33305004495a9","hash":"ff9fcb583b5fd3492a63cb262e2392c81d841f49"}
,"C:\\Users\\erich\\Desktop\\School\\CSDS393\\Job-App\\src\\components\\Cards\\Cards.js": {"path":"C:\\Users\\erich\\Desktop\\School\\CSDS393\\Job-App\\src\\components\\Cards\\Cards.js","statementMap":{"0":{"start":{"line":1,"column":13},"end":{"line":1,"column":75}},"1":{"start":{"line":1,"column":75},"end":{"line":1,"column":103}},"2":{"start":{"line":1,"column":116},"end":{"line":1,"column":156}},"3":{"start":{"line":2,"column":19},"end":{"line":2,"column":42}},"4":{"start":{"line":9,"column":14},"end":{"line":9,"column":49}},"5":{"start":{"line":9,"column":62},"end":{"line":9,"column":66}},"6":{"start":{"line":9,"column":82},"end":{"line":9,"column":169}},"7":{"start":{"line":9,"column":208},"end":{"line":9,"column":264}},"8":{"start":{"line":11,"column":0},"end":{"line":11,"column":37}},"9":{"start":{"line":11,"column":46},"end":{"line":11,"column":67}},"10":{"start":{"line":11,"column":77},"end":{"line":11,"column":99}},"11":{"start":{"line":13,"column":12},"end":{"line":42,"column":1}},"12":{"start":{"line":14,"column":19},"end":{"line":14,"column":47}},"13":{"start":{"line":16,"column":2},"end":{"line":36,"column":32}},"14":{"start":{"line":20,"column":35},"end":{"line":22,"column":29}},"15":{"start":{"line":44,"column":17},"end":{"line":74,"column":32}},"16":{"start":{"line":78,"column":0},"end":{"line":78,"column":5}},"17":{"start":{"line":78,"column":6},"end":{"line":78,"column":36}}},"fnMap":{"0":{"name":"_interopRequireDefault","decl":{"start":{"line":9,"column":179},"end":{"line":9,"column":201}},"loc":{"start":{"line":9,"column":207},"end":{"line":9,"column":265}},"line":9},"1":{"name":"Cards","decl":{"start":{"line":13,"column":21},"end":{"line":13,"column":26}},"loc":{"start":{"line":13,"column":34},"end":{"line":42,"column":1}},"line":13},"2":{"name":"onPress","decl":{"start":{"line":20,"column":24},"end":{"line":20,"column":31}},"loc":{"start":{"line":20,"column":34},"end":{"line":22,"column":30}},"line":20}},"branchMap":{"0":{"loc":{"start":{"line":9,"column":215},"end":{"line":9,"column":263}},"type":"cond-expr","locations":[{"start":{"line":9,"column":239},"end":{"line":9,"column":242}},{"start":{"line":9,"column":245},"end":{"line":9,"column":263}}],"line":9},"1":{"loc":{"start":{"line":9,"column":215},"end":{"line":9,"column":236}},"type":"binary-expr","locations":[{"start":{"line":9,"column":215},"end":{"line":9,"column":218}},{"start":{"line":9,"column":222},"end":{"line":9,"column":236}}],"line":9},"2":{"loc":{"start":{"line":28,"column":4},"end":{"line":28,"column":26}},"type":"binary-expr","locations":[{"start":{"line":28,"column":4},"end":{"line":28,"column":17}},{"start":{"line":28,"column":21},"end":{"line":28,"column":26}}],"line":28},"3":{"loc":{"start":{"line":33,"column":4},"end":{"line":33,"column":24}},"type":"binary-expr","locations":[{"start":{"line":33,"column":4},"end":{"line":33,"column":15}},{"start":{"line":33,"column":19},"end":{"line":33,"column":24}}],"line":33},"4":{"loc":{"start":{"line":36,"column":4},"end":{"line":36,"column":26}},"type":"binary-expr","locations":[{"start":{"line":36,"column":4},"end":{"line":36,"column":17}},{"start":{"line":36,"column":21},"end":{"line":36,"column":26}}],"line":36}},"s":{"0":1,"1":1,"2":1,"3":1,"4":1,"5":1,"6":1,"7":1,"8":1,"9":1,"10":1,"11":1,"12":2,"13":0,"14":0,"15":1,"16":1,"17":1},"f":{"0":1,"1":2,"2":0},"b":{"0":[0,1],"1":[1,1],"2":[0,0],"3":[0,0],"4":[0,0]},"inputSourceMap":null,"_coverageSchema":"1a1c01bbd47fc00a2c39e90264f33305004495a9","hash":"75c18e45441c8de0c254c80eb76b5feb79c9846b"}
,"C:\\Users\\erich\\Desktop\\School\\CSDS393\\Job-App\\src\\components\\HeaderBar\\Headerbar.js": {"path":"C:\\Users\\erich\\Desktop\\School\\CSDS393\\Job-App\\src\\components\\HeaderBar\\Headerbar.js","statementMap":{"0":{"start":{"line":1,"column":13},"end":{"line":1,"column":75}},"1":{"start":{"line":1,"column":75},"end":{"line":1,"column":103}},"2":{"start":{"line":1,"column":116},"end":{"line":1,"column":156}},"3":{"start":{"line":2,"column":19},"end":{"line":2,"column":42}},"4":{"start":{"line":9,"column":23},"end":{"line":9,"column":50}},"5":{"start":{"line":10,"column":14},"end":{"line":10,"column":49}},"6":{"start":{"line":10,"column":62},"end":{"line":10,"column":66}},"7":{"start":{"line":10,"column":82},"end":{"line":10,"column":177}},"8":{"start":{"line":10,"column":216},"end":{"line":10,"column":272}},"9":{"start":{"line":12,"column":0},"end":{"line":12,"column":37}},"10":{"start":{"line":12,"column":46},"end":{"line":12,"column":67}},"11":{"start":{"line":12,"column":77},"end":{"line":12,"column":99}},"12":{"start":{"line":14,"column":16},"end":{"line":39,"column":1}},"13":{"start":{"line":15,"column":19},"end":{"line":15,"column":47}},"14":{"start":{"line":17,"column":2},"end":{"line":34,"column":183}},"15":{"start":{"line":24,"column":35},"end":{"line":24,"column":77}},"16":{"start":{"line":33,"column":35},"end":{"line":33,"column":78}},"17":{"start":{"line":41,"column":13},"end":{"line":71,"column":21}},"18":{"start":{"line":75,"column":0},"end":{"line":75,"column":47}},"19":{"start":{"line":75,"column":48},"end":{"line":75,"column":78}}},"fnMap":{"0":{"name":"_interopRequireDefault","decl":{"start":{"line":10,"column":187},"end":{"line":10,"column":209}},"loc":{"start":{"line":10,"column":215},"end":{"line":10,"column":273}},"line":10},"1":{"name":"HeaderBar","decl":{"start":{"line":14,"column":25},"end":{"line":14,"column":34}},"loc":{"start":{"line":14,"column":42},"end":{"line":39,"column":1}},"line":14},"2":{"name":"onPress","decl":{"start":{"line":24,"column":24},"end":{"line":24,"column":31}},"loc":{"start":{"line":24,"column":34},"end":{"line":24,"column":78}},"line":24},"3":{"name":"onPress","decl":{"start":{"line":33,"column":24},"end":{"line":33,"column":31}},"loc":{"start":{"line":33,"column":34},"end":{"line":33,"column":79}},"line":33}},"branchMap":{"0":{"loc":{"start":{"line":10,"column":223},"end":{"line":10,"column":271}},"type":"cond-expr","locations":[{"start":{"line":10,"column":247},"end":{"line":10,"column":250}},{"start":{"line":10,"column":253},"end":{"line":10,"column":271}}],"line":10},"1":{"loc":{"start":{"line":10,"column":223},"end":{"line":10,"column":244}},"type":"binary-expr","locations":[{"start":{"line":10,"column":223},"end":{"line":10,"column":226}},{"start":{"line":10,"column":230},"end":{"line":10,"column":244}}],"line":10}},"s":{"0":2,"1":2,"2":2,"3":2,"4":2,"5":2,"6":2,"7":2,"8":2,"9":2,"10":2,"11":2,"12":2,"13":0,"14":0,"15":0,"16":0,"17":2,"18":2,"19":2},"f":{"0":2,"1":0,"2":0,"3":0},"b":{"0":[0,2],"1":[2,2]},"inputSourceMap":null,"_coverageSchema":"1a1c01bbd47fc00a2c39e90264f33305004495a9","hash":"617fb1f057f440806d2655c2d89973745af3baf2"}
,"C:\\Users\\erich\\Desktop\\School\\CSDS393\\Job-App\\src\\navigation\\Login\\Login.js": {"path":"C:\\Users\\erich\\Desktop\\School\\CSDS393\\Job-App\\src\\navigation\\Login\\Login.js","statementMap":{"0":{"start":{"line":1,"column":13},"end":{"line":1,"column":75}},"1":{"start":{"line":1,"column":75},"end":{"line":1,"column":100}},"2":{"start":{"line":1,"column":113},"end":{"line":1,"column":154}},"3":{"start":{"line":2,"column":19},"end":{"line":2,"column":42}},"4":{"start":{"line":3,"column":17},"end":{"line":3,"column":90}},"5":{"start":{"line":4,"column":13},"end":{"line":4,"column":47}},"6":{"start":{"line":5,"column":14},"end":{"line":5,"column":49}},"7":{"start":{"line":6,"column":32},"end":{"line":6,"column":70}},"8":{"start":{"line":6,"column":83},"end":{"line":6,"column":87}},"9":{"start":{"line":6,"column":103},"end":{"line":6,"column":190}},"10":{"start":{"line":6,"column":229},"end":{"line":6,"column":283}},"11":{"start":{"line":6,"column":321},"end":{"line":6,"column":368}},"12":{"start":{"line":6,"column":356},"end":{"line":6,"column":368}},"13":{"start":{"line":6,"column":380},"end":{"line":6,"column":393}},"14":{"start":{"line":6,"column":394},"end":{"line":6,"column":473}},"15":{"start":{"line":6,"column":458},"end":{"line":6,"column":471}},"16":{"start":{"line":6,"column":473},"end":{"line":6,"column":486}},"17":{"start":{"line":6,"column":526},"end":{"line":6,"column":566}},"18":{"start":{"line":6,"column":554},"end":{"line":6,"column":565}},"19":{"start":{"line":6,"column":566},"end":{"line":6,"column":666}},"20":{"start":{"line":6,"column":641},"end":{"line":6,"column":665}},"21":{"start":{"line":6,"column":678},"end":{"line":6,"column":704}},"22":{"start":{"line":6,"column":705},"end":{"line":6,"column":758}},"23":{"start":{"line":6,"column":735},"end":{"line":6,"column":757}},"24":{"start":{"line":6,"column":771},"end":{"line":6,"column":773}},"25":{"start":{"line":6,"column":802},"end":{"line":6,"column":858}},"26":{"start":{"line":6,"column":859},"end":{"line":6,"column":1130}},"27":{"start":{"line":6,"column":881},"end":{"line":6,"column":1129}},"28":{"start":{"line":6,"column":945},"end":{"line":6,"column":1017}},"29":{"start":{"line":6,"column":1018},"end":{"line":6,"column":1128}},"30":{"start":{"line":6,"column":1055},"end":{"line":6,"column":1096}},"31":{"start":{"line":6,"column":1104},"end":{"line":6,"column":1127}},"32":{"start":{"line":6,"column":1130},"end":{"line":6,"column":1151}},"33":{"start":{"line":6,"column":1151},"end":{"line":6,"column":1187}},"34":{"start":{"line":6,"column":1163},"end":{"line":6,"column":1186}},"35":{"start":{"line":6,"column":1187},"end":{"line":6,"column":1201}},"36":{"start":{"line":6,"column":1235},"end":{"line":6,"column":1357}},"37":{"start":{"line":6,"column":1387},"end":{"line":6,"column":1548}},"38":{"start":{"line":6,"column":1598},"end":{"line":6,"column":1613}},"39":{"start":{"line":6,"column":1606},"end":{"line":6,"column":1613}},"40":{"start":{"line":6,"column":1613},"end":{"line":6,"column":1676}},"41":{"start":{"line":6,"column":1640},"end":{"line":6,"column":1676}},"42":{"start":{"line":6,"column":1684},"end":{"line":6,"column":1730}},"43":{"start":{"line":6,"column":1731},"end":{"line":6,"column":1791}},"44":{"start":{"line":6,"column":1768},"end":{"line":6,"column":1791}},"45":{"start":{"line":6,"column":1791},"end":{"line":6,"column":1844}},"46":{"start":{"line":6,"column":1823},"end":{"line":6,"column":1844}},"47":{"start":{"line":6,"column":1844},"end":{"line":6,"column":1957}},"48":{"start":{"line":6,"column":1921},"end":{"line":6,"column":1957}},"49":{"start":{"line":6,"column":1996},"end":{"line":6,"column":2050}},"50":{"start":{"line":6,"column":2033},"end":{"line":6,"column":2050}},"51":{"start":{"line":6,"column":2050},"end":{"line":6,"column":2122}},"52":{"start":{"line":6,"column":2063},"end":{"line":6,"column":2064}},"53":{"start":{"line":6,"column":2073},"end":{"line":6,"column":2087}},"54":{"start":{"line":6,"column":2104},"end":{"line":6,"column":2121}},"55":{"start":{"line":6,"column":2122},"end":{"line":6,"column":2134}},"56":{"start":{"line":6,"column":2175},"end":{"line":6,"column":2254}},"57":{"start":{"line":6,"column":2247},"end":{"line":6,"column":2254}},"58":{"start":{"line":6,"column":2265},"end":{"line":6,"column":2267}},"59":{"start":{"line":6,"column":2277},"end":{"line":6,"column":2281}},"60":{"start":{"line":6,"column":2291},"end":{"line":6,"column":2296}},"61":{"start":{"line":6,"column":2306},"end":{"line":6,"column":2315}},"62":{"start":{"line":6,"column":2316},"end":{"line":6,"column":2589}},"63":{"start":{"line":6,"column":2321},"end":{"line":6,"column":2461}},"64":{"start":{"line":6,"column":2335},"end":{"line":6,"column":2357}},"65":{"start":{"line":6,"column":2406},"end":{"line":6,"column":2426}},"66":{"start":{"line":6,"column":2426},"end":{"line":6,"column":2460}},"67":{"start":{"line":6,"column":2454},"end":{"line":6,"column":2460}},"68":{"start":{"line":6,"column":2476},"end":{"line":6,"column":2486}},"69":{"start":{"line":6,"column":2486},"end":{"line":6,"column":2495}},"70":{"start":{"line":6,"column":2506},"end":{"line":6,"column":2588}},"71":{"start":{"line":6,"column":2511},"end":{"line":6,"column":2559}},"72":{"start":{"line":6,"column":2544},"end":{"line":6,"column":2559}},"73":{"start":{"line":6,"column":2570},"end":{"line":6,"column":2587}},"74":{"start":{"line":6,"column":2578},"end":{"line":6,"column":2587}},"75":{"start":{"line":6,"column":2589},"end":{"line":6,"column":2601}},"76":{"start":{"line":6,"column":2633},"end":{"line":6,"column":2668}},"77":{"start":{"line":6,"column":2657},"end":{"line":6,"column":2668}},"78":{"start":{"line":8,"column":12},"end":{"line":64,"column":1}},"79":{"start":{"line":9,"column":14},"end":{"line":9,"column":48}},"80":{"start":{"line":10,"column":11},"end":{"line":10,"column":68}},"81":{"start":{"line":11,"column":19},"end":{"line":11,"column":47}},"82":{"start":{"line":12,"column":2},"end":{"line":12,"column":26}},"83":{"start":{"line":12,"column":40},"end":{"line":12,"column":68}},"84":{"start":{"line":12,"column":79},"end":{"line":12,"column":92}},"85":{"start":{"line":12,"column":106},"end":{"line":12,"column":119}},"86":{"start":{"line":14,"column":17},"end":{"line":14,"column":66}},"87":{"start":{"line":17,"column":2},"end":{"line":26,"column":9}},"88":{"start":{"line":18,"column":4},"end":{"line":25,"column":7}},"89":{"start":{"line":19,"column":6},"end":{"line":24,"column":9}},"90":{"start":{"line":20,"column":19},"end":{"line":20,"column":21}},"91":{"start":{"line":21,"column":8},"end":{"line":22,"column":43}},"92":{"start":{"line":21,"column":21},"end":{"line":21,"column":22}},"93":{"start":{"line":22,"column":10},"end":{"line":22,"column":42}},"94":{"start":{"line":23,"column":8},"end":{"line":23,"column":28}},"95":{"start":{"line":27,"column":2},"end":{"line":27,"column":23}},"96":{"start":{"line":29,"column":2},"end":{"line":36,"column":3}},"97":{"start":{"line":30,"column":4},"end":{"line":34,"column":31}},"98":{"start":{"line":38,"column":2},"end":{"line":58,"column":158}},"99":{"start":{"line":56,"column":35},"end":{"line":56,"column":79}},"100":{"start":{"line":66,"column":13},"end":{"line":120,"column":35}},"101":{"start":{"line":123,"column":0},"end":{"line":123,"column":5}},"102":{"start":{"line":123,"column":6},"end":{"line":123,"column":33}}},"fnMap":{"0":{"name":"_interopRequireDefault","decl":{"start":{"line":6,"column":200},"end":{"line":6,"column":222}},"loc":{"start":{"line":6,"column":228},"end":{"line":6,"column":284}},"line":6},"1":{"name":"_getRequireWildcardCache","decl":{"start":{"line":6,"column":293},"end":{"line":6,"column":317}},"loc":{"start":{"line":6,"column":320},"end":{"line":6,"column":487}},"line":6},"2":{"name":"_getRequireWildcardCache","decl":{"start":{"line":6,"column":430},"end":{"line":6,"column":454}},"loc":{"start":{"line":6,"column":457},"end":{"line":6,"column":472}},"line":6},"3":{"name":"_interopRequireWildcard","decl":{"start":{"line":6,"column":496},"end":{"line":6,"column":519}},"loc":{"start":{"line":6,"column":525},"end":{"line":6,"column":1202}},"line":6},"4":{"name":"_slicedToArray","decl":{"start":{"line":6,"column":1211},"end":{"line":6,"column":1225}},"loc":{"start":{"line":6,"column":1234},"end":{"line":6,"column":1358}},"line":6},"5":{"name":"_nonIterableRest","decl":{"start":{"line":6,"column":1367},"end":{"line":6,"column":1383}},"loc":{"start":{"line":6,"column":1386},"end":{"line":6,"column":1549}},"line":6},"6":{"name":"_unsupportedIterableToArray","decl":{"start":{"line":6,"column":1558},"end":{"line":6,"column":1585}},"loc":{"start":{"line":6,"column":1597},"end":{"line":6,"column":1958}},"line":6},"7":{"name":"_arrayLikeToArray","decl":{"start":{"line":6,"column":1967},"end":{"line":6,"column":1984}},"loc":{"start":{"line":6,"column":1995},"end":{"line":6,"column":2135}},"line":6},"8":{"name":"_iterableToArrayLimit","decl":{"start":{"line":6,"column":2144},"end":{"line":6,"column":2165}},"loc":{"start":{"line":6,"column":2174},"end":{"line":6,"column":2602}},"line":6},"9":{"name":"_arrayWithHoles","decl":{"start":{"line":6,"column":2611},"end":{"line":6,"column":2626}},"loc":{"start":{"line":6,"column":2632},"end":{"line":6,"column":2669}},"line":6},"10":{"name":"Login","decl":{"start":{"line":8,"column":21},"end":{"line":8,"column":26}},"loc":{"start":{"line":8,"column":29},"end":{"line":64,"column":1}},"line":8},"11":{"name":"(anonymous_11)","decl":{"start":{"line":17,"column":24},"end":{"line":17,"column":25}},"loc":{"start":{"line":17,"column":36},"end":{"line":26,"column":3}},"line":17},"12":{"name":"(anonymous_12)","decl":{"start":{"line":18,"column":19},"end":{"line":18,"column":20}},"loc":{"start":{"line":18,"column":33},"end":{"line":25,"column":5}},"line":18},"13":{"name":"(anonymous_13)","decl":{"start":{"line":19,"column":34},"end":{"line":19,"column":35}},"loc":{"start":{"line":19,"column":58},"end":{"line":24,"column":7}},"line":19},"14":{"name":"onPress","decl":{"start":{"line":56,"column":24},"end":{"line":56,"column":31}},"loc":{"start":{"line":56,"column":34},"end":{"line":56,"column":80}},"line":56}},"branchMap":{"0":{"loc":{"start":{"line":6,"column":236},"end":{"line":6,"column":282}},"type":"cond-expr","locations":[{"start":{"line":6,"column":260},"end":{"line":6,"column":263}},{"start":{"line":6,"column":266},"end":{"line":6,"column":282}}],"line":6},"1":{"loc":{"start":{"line":6,"column":236},"end":{"line":6,"column":257}},"type":"binary-expr","locations":[{"start":{"line":6,"column":236},"end":{"line":6,"column":239}},{"start":{"line":6,"column":243},"end":{"line":6,"column":257}}],"line":6},"2":{"loc":{"start":{"line":6,"column":321},"end":{"line":6,"column":368}},"type":"if","locations":[{"start":{"line":6,"column":321},"end":{"line":6,"column":368}},{"start":{"line":6,"column":321},"end":{"line":6,"column":368}}],"line":6},"3":{"loc":{"start":{"line":6,"column":526},"end":{"line":6,"column":566}},"type":"if","locations":[{"start":{"line":6,"column":526},"end":{"line":6,"column":566}},{"start":{"line":6,"column":526},"end":{"line":6,"column":566}}],"line":6},"4":{"loc":{"start":{"line":6,"column":530},"end":{"line":6,"column":551}},"type":"binary-expr","locations":[{"start":{"line":6,"column":530},"end":{"line":6,"column":533}},{"start":{"line":6,"column":537},"end":{"line":6,"column":551}}],"line":6},"5":{"loc":{"start":{"line":6,"column":566},"end":{"line":6,"column":666}},"type":"if","locations":[{"start":{"line":6,"column":566},"end":{"line":6,"column":666}},{"start":{"line":6,"column":566},"end":{"line":6,"column":666}}],"line":6},"6":{"loc":{"start":{"line":6,"column":570},"end":{"line":6,"column":638}},"type":"binary-expr","locations":[{"start":{"line":6,"column":570},"end":{"line":6,"column":582}},{"start":{"line":6,"column":586},"end":{"line":6,"column":609}},{"start":{"line":6,"column":613},"end":{"line":6,"column":638}}],"line":6},"7":{"loc":{"start":{"line":6,"column":705},"end":{"line":6,"column":758}},"type":"if","locations":[{"start":{"line":6,"column":705},"end":{"line":6,"column":758}},{"start":{"line":6,"column":705},"end":{"line":6,"column":758}}],"line":6},"8":{"loc":{"start":{"line":6,"column":709},"end":{"line":6,"column":732}},"type":"binary-expr","locations":[{"start":{"line":6,"column":709},"end":{"line":6,"column":714}},{"start":{"line":6,"column":718},"end":{"line":6,"column":732}}],"line":6},"9":{"loc":{"start":{"line":6,"column":802},"end":{"line":6,"column":858}},"type":"binary-expr","locations":[{"start":{"line":6,"column":802},"end":{"line":6,"column":823}},{"start":{"line":6,"column":827},"end":{"line":6,"column":858}}],"line":6},"10":{"loc":{"start":{"line":6,"column":881},"end":{"line":6,"column":1129}},"type":"if","locations":[{"start":{"line":6,"column":881},"end":{"line":6,"column":1129}},{"start":{"line":6,"column":881},"end":{"line":6,"column":1129}}],"line":6},"11":{"loc":{"start":{"line":6,"column":945},"end":{"line":6,"column":1017}},"type":"cond-expr","locations":[{"start":{"line":6,"column":969},"end":{"line":6,"column":1010}},{"start":{"line":6,"column":1013},"end":{"line":6,"column":1017}}],"line":6},"12":{"loc":{"start":{"line":6,"column":1018},"end":{"line":6,"column":1128}},"type":"if","locations":[{"start":{"line":6,"column":1018},"end":{"line":6,"column":1128}},{"start":{"line":6,"column":1018},"end":{"line":6,"column":1128}}],"line":6},"13":{"loc":{"start":{"line":6,"column":1022},"end":{"line":6,"column":1052}},"type":"binary-expr","locations":[{"start":{"line":6,"column":1022},"end":{"line":6,"column":1026}},{"start":{"line":6,"column":1031},"end":{"line":6,"column":1039}},{"start":{"line":6,"column":1043},"end":{"line":6,"column":1051}}],"line":6},"14":{"loc":{"start":{"line":6,"column":1151},"end":{"line":6,"column":1187}},"type":"if","locations":[{"start":{"line":6,"column":1151},"end":{"line":6,"column":1187}},{"start":{"line":6,"column":1151},"end":{"line":6,"column":1187}}],"line":6},"15":{"loc":{"start":{"line":6,"column":1242},"end":{"line":6,"column":1356}},"type":"binary-expr","locations":[{"start":{"line":6,"column":1242},"end":{"line":6,"column":1262}},{"start":{"line":6,"column":1266},"end":{"line":6,"column":1295}},{"start":{"line":6,"column":1299},"end":{"line":6,"column":1334}},{"start":{"line":6,"column":1338},"end":{"line":6,"column":1356}}],"line":6},"16":{"loc":{"start":{"line":6,"column":1598},"end":{"line":6,"column":1613}},"type":"if","locations":[{"start":{"line":6,"column":1598},"end":{"line":6,"column":1613}},{"start":{"line":6,"column":1598},"end":{"line":6,"column":1613}}],"line":6},"17":{"loc":{"start":{"line":6,"column":1613},"end":{"line":6,"column":1676}},"type":"if","locations":[{"start":{"line":6,"column":1613},"end":{"line":6,"column":1676}},{"start":{"line":6,"column":1613},"end":{"line":6,"column":1676}}],"line":6},"18":{"loc":{"start":{"line":6,"column":1731},"end":{"line":6,"column":1791}},"type":"if","locations":[{"start":{"line":6,"column":1731},"end":{"line":6,"column":1791}},{"start":{"line":6,"column":1731},"end":{"line":6,"column":1791}}],"line":6},"19":{"loc":{"start":{"line":6,"column":1735},"end":{"line":6,"column":1766}},"type":"binary-expr","locations":[{"start":{"line":6,"column":1735},"end":{"line":6,"column":1749}},{"start":{"line":6,"column":1753},"end":{"line":6,"column":1766}}],"line":6},"20":{"loc":{"start":{"line":6,"column":1791},"end":{"line":6,"column":1844}},"type":"if","locations":[{"start":{"line":6,"column":1791},"end":{"line":6,"column":1844}},{"start":{"line":6,"column":1791},"end":{"line":6,"column":1844}}],"line":6},"21":{"loc":{"start":{"line":6,"column":1795},"end":{"line":6,"column":1821}},"type":"binary-expr","locations":[{"start":{"line":6,"column":1795},"end":{"line":6,"column":1806}},{"start":{"line":6,"column":1810},"end":{"line":6,"column":1821}}],"line":6},"22":{"loc":{"start":{"line":6,"column":1844},"end":{"line":6,"column":1957}},"type":"if","locations":[{"start":{"line":6,"column":1844},"end":{"line":6,"column":1957}},{"start":{"line":6,"column":1844},"end":{"line":6,"column":1957}}],"line":6},"23":{"loc":{"start":{"line":6,"column":1848},"end":{"line":6,"column":1919}},"type":"binary-expr","locations":[{"start":{"line":6,"column":1848},"end":{"line":6,"column":1865}},{"start":{"line":6,"column":1869},"end":{"line":6,"column":1919}}],"line":6},"24":{"loc":{"start":{"line":6,"column":1996},"end":{"line":6,"column":2050}},"type":"if","locations":[{"start":{"line":6,"column":1996},"end":{"line":6,"column":2050}},{"start":{"line":6,"column":1996},"end":{"line":6,"column":2050}}],"line":6},"25":{"loc":{"start":{"line":6,"column":2000},"end":{"line":6,"column":2031}},"type":"binary-expr","locations":[{"start":{"line":6,"column":2000},"end":{"line":6,"column":2011}},{"start":{"line":6,"column":2015},"end":{"line":6,"column":2031}}],"line":6},"26":{"loc":{"start":{"line":6,"column":2175},"end":{"line":6,"column":2254}},"type":"if","locations":[{"start":{"line":6,"column":2175},"end":{"line":6,"column":2254}},{"start":{"line":6,"column":2175},"end":{"line":6,"column":2254}}],"line":6},"27":{"loc":{"start":{"line":6,"column":2179},"end":{"line":6,"column":2245}},"type":"binary-expr","locations":[{"start":{"line":6,"column":2179},"end":{"line":6,"column":2208}},{"start":{"line":6,"column":2212},"end":{"line":6,"column":2245}}],"line":6},"28":{"loc":{"start":{"line":6,"column":2426},"end":{"line":6,"column":2460}},"type":"if","locations":[{"start":{"line":6,"column":2426},"end":{"line":6,"column":2460}},{"start":{"line":6,"column":2426},"end":{"line":6,"column":2460}}],"line":6},"29":{"loc":{"start":{"line":6,"column":2430},"end":{"line":6,"column":2452}},"type":"binary-expr","locations":[{"start":{"line":6,"column":2430},"end":{"line":6,"column":2431}},{"start":{"line":6,"column":2435},"end":{"line":6,"column":2452}}],"line":6},"30":{"loc":{"start":{"line":6,"column":2511},"end":{"line":6,"column":2559}},"type":"if","locations":[{"start":{"line":6,"column":2511},"end":{"line":6,"column":2559}},{"start":{"line":6,"column":2511},"end":{"line":6,"column":2559}}],"line":6},"31":{"loc":{"start":{"line":6,"column":2515},"end":{"line":6,"column":2542}},"type":"binary-expr","locations":[{"start":{"line":6,"column":2515},"end":{"line":6,"column":2518}},{"start":{"line":6,"column":2522},"end":{"line":6,"column":2542}}],"line":6},"32":{"loc":{"start":{"line":6,"column":2570},"end":{"line":6,"column":2587}},"type":"if","locations":[{"start":{"line":6,"column":2570},"end":{"line":6,"column":2587}},{"start":{"line":6,"column":2570},"end":{"line":6,"column":2587}}],"line":6},"33":{"loc":{"start":{"line":6,"column":2633},"end":{"line":6,"column":2668}},"type":"if","locations":[{"start":{"line":6,"column":2633},"end":{"line":6,"column":2668}},{"start":{"line":6,"column":2633},"end":{"line":6,"column":2668}}],"line":6},"34":{"loc":{"start":{"line":29,"column":2},"end":{"line":36,"column":3}},"type":"if","locations":[{"start":{"line":29,"column":2},"end":{"line":36,"column":3}},{"start":{"line":29,"column":2},"end":{"line":36,"column":3}}],"line":29},"35":{"loc":{"start":{"line":50,"column":163},"end":{"line":50,"column":184}},"type":"binary-expr","locations":[{"start":{"line":50,"column":163},"end":{"line":50,"column":175}},{"start":{"line":50,"column":179},"end":{"line":50,"column":184}}],"line":50},"36":{"loc":{"start":{"line":51,"column":163},"end":{"line":51,"column":185}},"type":"binary-expr","locations":[{"start":{"line":51,"column":163},"end":{"line":51,"column":176}},{"start":{"line":51,"column":180},"end":{"line":51,"column":185}}],"line":51},"37":{"loc":{"start":{"line":52,"column":170},"end":{"line":52,"column":198}},"type":"binary-expr","locations":[{"start":{"line":52,"column":170},"end":{"line":52,"column":189}},{"start":{"line":52,"column":193},"end":{"line":52,"column":198}}],"line":52}},"s":{"0":1,"1":1,"2":1,"3":1,"4":1,"5":1,"6":1,"7":1,"8":1,"9":1,"10":1,"11":1,"12":0,"13":1,"14":1,"15":0,"16":1,"17":1,"18":0,"19":1,"20":0,"21":1,"22":1,"23":0,"24":1,"25":1,"26":1,"27":28,"28":28,"29":28,"30":0,"31":28,"32":1,"33":1,"34":1,"35":1,"36":0,"37":0,"38":0,"39":0,"40":0,"41":0,"42":0,"43":0,"44":0,"45":0,"46":0,"47":0,"48":0,"49":0,"50":0,"51":0,"52":0,"53":0,"54":0,"55":0,"56":0,"57":0,"58":0,"59":0,"60":0,"61":0,"62":0,"63":0,"64":0,"65":0,"66":0,"67":0,"68":0,"69":0,"70":0,"71":0,"72":0,"73":0,"74":0,"75":0,"76":0,"77":0,"78":1,"79":1,"80":1,"81":0,"82":0,"83":0,"84":0,"85":0,"86":0,"87":0,"88":0,"89":0,"90":0,"91":0,"92":0,"93":0,"94":0,"95":0,"96":0,"97":0,"98":0,"99":0,"100":1,"101":1,"102":1},"f":{"0":1,"1":1,"2":0,"3":1,"4":0,"5":0,"6":0,"7":0,"8":0,"9":0,"10":1,"11":0,"12":0,"13":0,"14":0},"b":{"0":[1,0],"1":[1,1],"2":[0,1],"3":[0,1],"4":[1,1],"5":[0,1],"6":[1,1,0],"7":[0,1],"8":[1,1],"9":[1,1],"10":[28,0],"11":[28,0],"12":[0,28],"13":[28,28,28],"14":[1,0],"15":[0,0,0,0],"16":[0,0],"17":[0,0],"18":[0,0],"19":[0,0],"20":[0,0],"21":[0,0],"22":[0,0],"23":[0,0],"24":[0,0],"25":[0,0],"26":[0,0],"27":[0,0],"28":[0,0],"29":[0,0],"30":[0,0],"31":[0,0],"32":[0,0],"33":[0,0],"34":[0,0],"35":[0,0],"36":[0,0],"37":[0,0]},"inputSourceMap":null,"_coverageSchema":"1a1c01bbd47fc00a2c39e90264f33305004495a9","hash":"4d39891fa38caf7c97899ee43a0405122de6a3f0"}
}
