{"C:\\Users\\erich\\Desktop\\School\\CSDS393\\Job-App Test\\Job-App\\lib\\components\\HeaderBar\\Headerbar.js": {"path":"C:\\Users\\erich\\Desktop\\School\\CSDS393\\Job-App Test\\Job-App\\lib\\components\\HeaderBar\\Headerbar.js","statementMap":{"0":{"start":{"line":1,"column":0},"end":{"line":1,"column":62}},"1":{"start":{"line":1,"column":62},"end":{"line":1,"column":90}},"2":{"start":{"line":1,"column":103},"end":{"line":1,"column":176}},"3":{"start":{"line":1,"column":189},"end":{"line":1,"column":193}},"4":{"start":{"line":1,"column":209},"end":{"line":1,"column":294}},"5":{"start":{"line":1,"column":317},"end":{"line":1,"column":365}},"6":{"start":{"line":1,"column":374},"end":{"line":1,"column":395}},"7":{"start":{"line":1,"column":405},"end":{"line":1,"column":427}},"8":{"start":{"line":1,"column":444},"end":{"line":1,"column":1860}},"9":{"start":{"line":1,"column":466},"end":{"line":1,"column":1859}},"10":{"start":{"line":1,"column":1874},"end":{"line":1,"column":2322}},"11":{"start":{"line":1,"column":2338},"end":{"line":1,"column":2347}},"12":{"start":{"line":1,"column":2348},"end":{"line":1,"column":2378}}},"fnMap":{"0":{"name":"HeaderBar","decl":{"start":{"line":1,"column":453},"end":{"line":1,"column":462}},"loc":{"start":{"line":1,"column":465},"end":{"line":1,"column":1860}},"line":1}},"branchMap":{},"s":{"0":1,"1":1,"2":1,"3":1,"4":1,"5":1,"6":1,"7":1,"8":1,"9":1,"10":1,"11":1,"12":1},"f":{"0":1},"b":{},"inputSourceMap":null,"_coverageSchema":"1a1c01bbd47fc00a2c39e90264f33305004495a9","hash":"8ee88ed85370e28fd0a86e728b4c2a3051c9ece9"}
,"C:\\Users\\erich\\Desktop\\School\\CSDS393\\Job-App Test\\Job-App\\src\\components\\Cards\\Cards.js": {"path":"C:\\Users\\erich\\Desktop\\School\\CSDS393\\Job-App Test\\Job-App\\src\\components\\Cards\\Cards.js","statementMap":{"0":{"start":{"line":1,"column":13},"end":{"line":1,"column":75}},"1":{"start":{"line":1,"column":75},"end":{"line":1,"column":103}},"2":{"start":{"line":1,"column":116},"end":{"line":1,"column":156}},"3":{"start":{"line":2,"column":19},"end":{"line":2,"column":42}},"4":{"start":{"line":9,"column":14},"end":{"line":9,"column":49}},"5":{"start":{"line":9,"column":62},"end":{"line":9,"column":66}},"6":{"start":{"line":9,"column":82},"end":{"line":9,"column":183}},"7":{"start":{"line":9,"column":222},"end":{"line":9,"column":278}},"8":{"start":{"line":11,"column":0},"end":{"line":11,"column":37}},"9":{"start":{"line":11,"column":46},"end":{"line":11,"column":67}},"10":{"start":{"line":11,"column":77},"end":{"line":11,"column":99}},"11":{"start":{"line":13,"column":12},"end":{"line":41,"column":1}},"12":{"start":{"line":14,"column":19},"end":{"line":14,"column":47}},"13":{"start":{"line":16,"column":2},"end":{"line":35,"column":32}},"14":{"start":{"line":19,"column":35},"end":{"line":21,"column":29}},"15":{"start":{"line":43,"column":17},"end":{"line":73,"column":32}},"16":{"start":{"line":77,"column":0},"end":{"line":77,"column":5}},"17":{"start":{"line":77,"column":6},"end":{"line":77,"column":36}}},"fnMap":{"0":{"name":"_interopRequireDefault","decl":{"start":{"line":9,"column":193},"end":{"line":9,"column":215}},"loc":{"start":{"line":9,"column":221},"end":{"line":9,"column":279}},"line":9},"1":{"name":"Cards","decl":{"start":{"line":13,"column":21},"end":{"line":13,"column":26}},"loc":{"start":{"line":13,"column":34},"end":{"line":41,"column":1}},"line":13},"2":{"name":"onPress","decl":{"start":{"line":19,"column":24},"end":{"line":19,"column":31}},"loc":{"start":{"line":19,"column":34},"end":{"line":21,"column":30}},"line":19}},"branchMap":{"0":{"loc":{"start":{"line":9,"column":229},"end":{"line":9,"column":277}},"type":"cond-expr","locations":[{"start":{"line":9,"column":253},"end":{"line":9,"column":256}},{"start":{"line":9,"column":259},"end":{"line":9,"column":277}}],"line":9},"1":{"loc":{"start":{"line":9,"column":229},"end":{"line":9,"column":250}},"type":"binary-expr","locations":[{"start":{"line":9,"column":229},"end":{"line":9,"column":232}},{"start":{"line":9,"column":236},"end":{"line":9,"column":250}}],"line":9},"2":{"loc":{"start":{"line":27,"column":4},"end":{"line":27,"column":26}},"type":"binary-expr","locations":[{"start":{"line":27,"column":4},"end":{"line":27,"column":17}},{"start":{"line":27,"column":21},"end":{"line":27,"column":26}}],"line":27},"3":{"loc":{"start":{"line":32,"column":4},"end":{"line":32,"column":24}},"type":"binary-expr","locations":[{"start":{"line":32,"column":4},"end":{"line":32,"column":15}},{"start":{"line":32,"column":19},"end":{"line":32,"column":24}}],"line":32},"4":{"loc":{"start":{"line":35,"column":4},"end":{"line":35,"column":26}},"type":"binary-expr","locations":[{"start":{"line":35,"column":4},"end":{"line":35,"column":17}},{"start":{"line":35,"column":21},"end":{"line":35,"column":26}}],"line":35}},"s":{"0":1,"1":1,"2":1,"3":1,"4":1,"5":1,"6":1,"7":1,"8":1,"9":1,"10":1,"11":1,"12":1,"13":0,"14":0,"15":1,"16":1,"17":1},"f":{"0":1,"1":1,"2":0},"b":{"0":[0,1],"1":[1,1],"2":[0,0],"3":[0,0],"4":[0,0]},"inputSourceMap":null,"_coverageSchema":"1a1c01bbd47fc00a2c39e90264f33305004495a9","hash":"fac81d0c00063065630dfac90757fca4635b573f"}
,"C:\\Users\\erich\\Desktop\\School\\CSDS393\\Job-App Test\\Job-App\\src\\components\\HeaderBar\\Headerbar.js": {"path":"C:\\Users\\erich\\Desktop\\School\\CSDS393\\Job-App Test\\Job-App\\src\\components\\HeaderBar\\Headerbar.js","statementMap":{"0":{"start":{"line":1,"column":13},"end":{"line":1,"column":75}},"1":{"start":{"line":1,"column":75},"end":{"line":1,"column":103}},"2":{"start":{"line":1,"column":116},"end":{"line":1,"column":156}},"3":{"start":{"line":2,"column":19},"end":{"line":2,"column":42}},"4":{"start":{"line":9,"column":23},"end":{"line":9,"column":50}},"5":{"start":{"line":10,"column":14},"end":{"line":10,"column":49}},"6":{"start":{"line":10,"column":62},"end":{"line":10,"column":66}},"7":{"start":{"line":10,"column":82},"end":{"line":10,"column":191}},"8":{"start":{"line":10,"column":230},"end":{"line":10,"column":286}},"9":{"start":{"line":12,"column":0},"end":{"line":12,"column":37}},"10":{"start":{"line":12,"column":46},"end":{"line":12,"column":67}},"11":{"start":{"line":12,"column":77},"end":{"line":12,"column":99}},"12":{"start":{"line":14,"column":16},"end":{"line":37,"column":1}},"13":{"start":{"line":15,"column":19},"end":{"line":15,"column":47}},"14":{"start":{"line":17,"column":2},"end":{"line":32,"column":183}},"15":{"start":{"line":23,"column":35},"end":{"line":23,"column":77}},"16":{"start":{"line":31,"column":35},"end":{"line":31,"column":78}},"17":{"start":{"line":39,"column":13},"end":{"line":69,"column":21}},"18":{"start":{"line":73,"column":0},"end":{"line":73,"column":47}},"19":{"start":{"line":73,"column":48},"end":{"line":73,"column":78}}},"fnMap":{"0":{"name":"_interopRequireDefault","decl":{"start":{"line":10,"column":201},"end":{"line":10,"column":223}},"loc":{"start":{"line":10,"column":229},"end":{"line":10,"column":287}},"line":10},"1":{"name":"HeaderBar","decl":{"start":{"line":14,"column":25},"end":{"line":14,"column":34}},"loc":{"start":{"line":14,"column":42},"end":{"line":37,"column":1}},"line":14},"2":{"name":"onPress","decl":{"start":{"line":23,"column":24},"end":{"line":23,"column":31}},"loc":{"start":{"line":23,"column":34},"end":{"line":23,"column":78}},"line":23},"3":{"name":"onPress","decl":{"start":{"line":31,"column":24},"end":{"line":31,"column":31}},"loc":{"start":{"line":31,"column":34},"end":{"line":31,"column":79}},"line":31}},"branchMap":{"0":{"loc":{"start":{"line":10,"column":237},"end":{"line":10,"column":285}},"type":"cond-expr","locations":[{"start":{"line":10,"column":261},"end":{"line":10,"column":264}},{"start":{"line":10,"column":267},"end":{"line":10,"column":285}}],"line":10},"1":{"loc":{"start":{"line":10,"column":237},"end":{"line":10,"column":258}},"type":"binary-expr","locations":[{"start":{"line":10,"column":237},"end":{"line":10,"column":240}},{"start":{"line":10,"column":244},"end":{"line":10,"column":258}}],"line":10}},"s":{"0":1,"1":1,"2":1,"3":1,"4":1,"5":1,"6":1,"7":1,"8":1,"9":1,"10":1,"11":1,"12":1,"13":0,"14":0,"15":0,"16":0,"17":1,"18":1,"19":1},"f":{"0":1,"1":0,"2":0,"3":0},"b":{"0":[0,1],"1":[1,1]},"inputSourceMap":null,"_coverageSchema":"1a1c01bbd47fc00a2c39e90264f33305004495a9","hash":"72326a61faf15f3f1a8c1662884f01351000e8f0"}
,"C:\\Users\\erich\\Desktop\\School\\CSDS393\\Job-App Test\\Job-App\\src\\navigation\\Login\\Login.js": {"path":"C:\\Users\\erich\\Desktop\\School\\CSDS393\\Job-App Test\\Job-App\\src\\navigation\\Login\\Login.js","statementMap":{"0":{"start":{"line":1,"column":13},"end":{"line":1,"column":75}},"1":{"start":{"line":1,"column":75},"end":{"line":1,"column":103}},"2":{"start":{"line":1,"column":116},"end":{"line":1,"column":156}},"3":{"start":{"line":2,"column":19},"end":{"line":2,"column":42}},"4":{"start":{"line":2,"column":55},"end":{"line":2,"column":59}},"5":{"start":{"line":2,"column":75},"end":{"line":2,"column":176}},"6":{"start":{"line":2,"column":215},"end":{"line":2,"column":271}},"7":{"start":{"line":4,"column":12},"end":{"line":15,"column":1}},"8":{"start":{"line":5,"column":2},"end":{"line":12,"column":157}},"9":{"start":{"line":17,"column":0},"end":{"line":17,"column":5}},"10":{"start":{"line":17,"column":6},"end":{"line":17,"column":36}}},"fnMap":{"0":{"name":"_interopRequireDefault","decl":{"start":{"line":2,"column":186},"end":{"line":2,"column":208}},"loc":{"start":{"line":2,"column":214},"end":{"line":2,"column":272}},"line":2},"1":{"name":"Login","decl":{"start":{"line":4,"column":21},"end":{"line":4,"column":26}},"loc":{"start":{"line":4,"column":29},"end":{"line":15,"column":1}},"line":4}},"branchMap":{"0":{"loc":{"start":{"line":2,"column":222},"end":{"line":2,"column":270}},"type":"cond-expr","locations":[{"start":{"line":2,"column":246},"end":{"line":2,"column":249}},{"start":{"line":2,"column":252},"end":{"line":2,"column":270}}],"line":2},"1":{"loc":{"start":{"line":2,"column":222},"end":{"line":2,"column":243}},"type":"binary-expr","locations":[{"start":{"line":2,"column":222},"end":{"line":2,"column":225}},{"start":{"line":2,"column":229},"end":{"line":2,"column":243}}],"line":2}},"s":{"0":1,"1":1,"2":1,"3":1,"4":1,"5":1,"6":1,"7":1,"8":1,"9":1,"10":1},"f":{"0":1,"1":1},"b":{"0":[0,1],"1":[1,1]},"inputSourceMap":null,"_coverageSchema":"1a1c01bbd47fc00a2c39e90264f33305004495a9","hash":"74986df89d15a35f8d4ac6f490dca8007e2440e1"}
}
