TN:
SF:lib\components\HeaderBar\Headerbar.js
FN:1,HeaderBar
FNF:1
FNH:1
FNDA:1,HeaderBar
DA:1,1
LF:1
LH:1
BRF:0
BRH:0
end_of_record
TN:
SF:src\components\Cards\Cards.js
FN:9,_interopRequireDefault
FN:13,Cards
FN:19,onPress
FNF:3
FNH:2
FNDA:1,_interopRequireDefault
FNDA:1,Cards
FNDA:0,onPress
DA:1,1
DA:2,1
DA:9,1
DA:11,1
DA:13,1
DA:14,1
DA:16,0
DA:19,0
DA:43,1
DA:77,1
LF:10
LH:8
BRDA:9,0,0,0
BRDA:9,0,1,1
BRDA:9,1,0,1
BRDA:9,1,1,1
BRDA:27,2,0,0
BRDA:27,2,1,0
BRDA:32,3,0,0
BRDA:32,3,1,0
BRDA:35,4,0,0
BRDA:35,4,1,0
BRF:10
BRH:3
end_of_record
TN:
SF:src\components\HeaderBar\Headerbar.js
FN:10,_interopRequireDefault
FN:14,HeaderBar
FN:23,onPress
FN:31,onPress
FNF:4
FNH:1
FNDA:1,_interopRequireDefault
FNDA:0,HeaderBar
FNDA:0,onPress
FNDA:0,onPress
DA:1,1
DA:2,1
DA:9,1
DA:10,1
DA:12,1
DA:14,1
DA:15,0
DA:17,0
DA:23,0
DA:31,0
DA:39,1
DA:73,1
LF:12
LH:8
BRDA:10,0,0,0
BRDA:10,0,1,1
BRDA:10,1,0,1
BRDA:10,1,1,1
BRF:4
BRH:3
end_of_record
TN:
SF:src\navigation\Login\Login.js
FN:2,_interopRequireDefault
FN:4,Login
FNF:2
FNH:2
FNDA:1,_interopRequireDefault
FNDA:1,Login
DA:1,1
DA:2,1
DA:4,1
DA:5,1
DA:17,1
LF:5
LH:5
BRDA:2,0,0,0
BRDA:2,0,1,1
BRDA:2,1,0,1
BRDA:2,1,1,1
BRF:4
BRH:3
end_of_record
