TN:
SF:lib\components\HeaderBar\Headerbar.js
FN:1,HeaderBar
FNF:1
FNH:1
FNDA:1,HeaderBar
DA:1,1
LF:1
LH:1
BRF:0
BRH:0
end_of_record
TN:
SF:src\components\Cards\Cards.js
FN:9,_interopRequireDefault
FN:13,Cards
FN:20,onPress
FNF:3
FNH:2
FNDA:1,_interopRequireDefault
FNDA:2,Cards
FNDA:0,onPress
DA:1,1
DA:2,1
DA:9,1
DA:11,1
DA:13,1
DA:14,2
DA:16,0
DA:20,0
DA:44,1
DA:78,1
LF:10
LH:8
BRDA:9,0,0,0
BRDA:9,0,1,1
BRDA:9,1,0,1
BRDA:9,1,1,1
BRDA:28,2,0,0
BRDA:28,2,1,0
BRDA:33,3,0,0
BRDA:33,3,1,0
BRDA:36,4,0,0
BRDA:36,4,1,0
BRF:10
BRH:3
end_of_record
TN:
SF:src\components\HeaderBar\Headerbar.js
FN:10,_interopRequireDefault
FN:14,HeaderBar
FN:24,onPress
FN:33,onPress
FNF:4
FNH:1
FNDA:2,_interopRequireDefault
FNDA:0,HeaderBar
FNDA:0,onPress
FNDA:0,onPress
DA:1,2
DA:2,2
DA:9,2
DA:10,2
DA:12,2
DA:14,2
DA:15,0
DA:17,0
DA:24,0
DA:33,0
DA:41,2
DA:75,2
LF:12
LH:8
BRDA:10,0,0,0
BRDA:10,0,1,2
BRDA:10,1,0,2
BRDA:10,1,1,2
BRF:4
BRH:3
end_of_record
TN:
SF:src\navigation\Login\Login.js
FN:6,_interopRequireDefault
FN:6,_getRequireWildcardCache
FN:6,_getRequireWildcardCache
FN:6,_interopRequireWildcard
FN:6,_slicedToArray
FN:6,_nonIterableRest
FN:6,_unsupportedIterableToArray
FN:6,_arrayLikeToArray
FN:6,_iterableToArrayLimit
FN:6,_arrayWithHoles
FN:8,Login
FN:17,(anonymous_11)
FN:18,(anonymous_12)
FN:19,(anonymous_13)
FN:56,onPress
FNF:15
FNH:4
FNDA:1,_interopRequireDefault
FNDA:1,_getRequireWildcardCache
FNDA:0,_getRequireWildcardCache
FNDA:1,_interopRequireWildcard
FNDA:0,_slicedToArray
FNDA:0,_nonIterableRest
FNDA:0,_unsupportedIterableToArray
FNDA:0,_arrayLikeToArray
FNDA:0,_iterableToArrayLimit
FNDA:0,_arrayWithHoles
FNDA:1,Login
FNDA:0,(anonymous_11)
FNDA:0,(anonymous_12)
FNDA:0,(anonymous_13)
FNDA:0,onPress
DA:1,1
DA:2,1
DA:3,1
DA:4,1
DA:5,1
DA:6,28
DA:8,1
DA:9,1
DA:10,1
DA:11,0
DA:12,0
DA:14,0
DA:17,0
DA:18,0
DA:19,0
DA:20,0
DA:21,0
DA:22,0
DA:23,0
DA:27,0
DA:29,0
DA:30,0
DA:38,0
DA:56,0
DA:66,1
DA:123,1
LF:26
LH:11
BRDA:6,0,0,1
BRDA:6,0,1,0
BRDA:6,1,0,1
BRDA:6,1,1,1
BRDA:6,2,0,0
BRDA:6,2,1,1
BRDA:6,3,0,0
BRDA:6,3,1,1
BRDA:6,4,0,1
BRDA:6,4,1,1
BRDA:6,5,0,0
BRDA:6,5,1,1
BRDA:6,6,0,1
BRDA:6,6,1,1
BRDA:6,6,2,0
BRDA:6,7,0,0
BRDA:6,7,1,1
BRDA:6,8,0,1
BRDA:6,8,1,1
BRDA:6,9,0,1
BRDA:6,9,1,1
BRDA:6,10,0,28
BRDA:6,10,1,0
BRDA:6,11,0,28
BRDA:6,11,1,0
BRDA:6,12,0,0
BRDA:6,12,1,28
BRDA:6,13,0,28
BRDA:6,13,1,28
BRDA:6,13,2,28
BRDA:6,14,0,1
BRDA:6,14,1,0
BRDA:6,15,0,0
BRDA:6,15,1,0
BRDA:6,15,2,0
BRDA:6,15,3,0
BRDA:6,16,0,0
BRDA:6,16,1,0
BRDA:6,17,0,0
BRDA:6,17,1,0
BRDA:6,18,0,0
BRDA:6,18,1,0
BRDA:6,19,0,0
BRDA:6,19,1,0
BRDA:6,20,0,0
BRDA:6,20,1,0
BRDA:6,21,0,0
BRDA:6,21,1,0
BRDA:6,22,0,0
BRDA:6,22,1,0
BRDA:6,23,0,0
BRDA:6,23,1,0
BRDA:6,24,0,0
BRDA:6,24,1,0
BRDA:6,25,0,0
BRDA:6,25,1,0
BRDA:6,26,0,0
BRDA:6,26,1,0
BRDA:6,27,0,0
BRDA:6,27,1,0
BRDA:6,28,0,0
BRDA:6,28,1,0
BRDA:6,29,0,0
BRDA:6,29,1,0
BRDA:6,30,0,0
BRDA:6,30,1,0
BRDA:6,31,0,0
BRDA:6,31,1,0
BRDA:6,32,0,0
BRDA:6,32,1,0
BRDA:6,33,0,0
BRDA:6,33,1,0
BRDA:29,34,0,0
BRDA:29,34,1,0
BRDA:50,35,0,0
BRDA:50,35,1,0
BRDA:51,36,0,0
BRDA:51,36,1,0
BRDA:52,37,0,0
BRDA:52,37,1,0
BRF:80
BRH:22
end_of_record
